<?xml version="1.0" encoding="UTF-8"?>
<testng-results total="1" passed="1" failed="0" skipped="0">
  <reporter-output>
  </reporter-output>
  <suite started-at="2023-03-08T04:36:43Z" name="Default suite" finished-at="2023-03-08T04:37:04Z" duration-ms="21090">
    <groups>
      <group name="cucumber">
        <method signature="AbstractTestNGCucumberTests.feature(cucumber.api.testng.CucumberFeatureWrapper)[pri:0, instance:runner.TestRunner@3f57bcad]" name="feature" class="cucumber.api.testng.AbstractTestNGCucumberTests"/>
      </group> <!-- cucumber -->
    </groups>
    <test started-at="2023-03-08T04:36:43Z" name="Default test" finished-at="2023-03-08T04:37:04Z" duration-ms="21090">
      <class name="runner.TestRunner">
        <test-method is-config="true" signature="setUpClass()[pri:0, instance:runner.TestRunner@3f57bcad]" started-at="2023-03-08T10:06:43Z" name="setUpClass" finished-at="2023-03-08T10:06:43Z" duration-ms="383" status="PASS">
          <reporter-output>
          </reporter-output>
        </test-method> <!-- setUpClass -->
        <test-method signature="feature(cucumber.api.testng.CucumberFeatureWrapper)[pri:0, instance:runner.TestRunner@3f57bcad]" started-at="2023-03-08T10:06:43Z" name="feature" description="Runs Cucumber Feature" data-provider="features" finished-at="2023-03-08T10:07:04Z" duration-ms="20552" status="PASS">
          <params>
            <param index="0">
              <value>
                <![CDATA[Verify that User Can able to login with valid UserId and Password also]]>
              </value>
            </param>
          </params>
          <reporter-output>
          </reporter-output>
        </test-method> <!-- feature -->
        <test-method is-config="true" signature="tearDownClass()[pri:0, instance:runner.TestRunner@3f57bcad]" started-at="2023-03-08T10:07:04Z" name="tearDownClass" finished-at="2023-03-08T10:07:04Z" duration-ms="16" status="PASS">
          <reporter-output>
          </reporter-output>
        </test-method> <!-- tearDownClass -->
      </class> <!-- runner.TestRunner -->
    </test> <!-- Default test -->
  </suite> <!-- Default suite -->
</testng-results>
